C:\Program Files (x86)\Microsoft Visual Studio\2019\Community\MSBuild\Microsoft\VC\v160\Microsoft.CppBuild.targets(513,5): warning MSB8028: The intermediate directory (Debug\) contains files shared from another project (SFML_Points.vcxproj, SFML_Test.vcxproj).  This can lead to incorrect clean and rebuild behavior.
  graphPoints.cpp
C:\SFML\SFML\graphPoints.cpp(47,23): warning C4018: '<': signed/unsigned mismatch
C:\SFML\SFML\graphPoints.cpp(50,27): warning C4018: '<': signed/unsigned mismatch
C:\SFML\SFML\graphPoints.cpp(64,60): warning C4244: 'argument': conversion from 'int' to 'float', possible loss of data
C:\SFML\SFML\graphPoints.cpp(64,90): warning C4244: 'argument': conversion from 'int' to 'float', possible loss of data
C:\SFML\SFML\graphPoints.cpp(64,82): warning C4244: 'argument': conversion from 'int' to 'float', possible loss of data
C:\SFML\SFML\graphPoints.cpp(73,23): warning C4018: '<': signed/unsigned mismatch
  main.cpp
C:\SFML\SFML\main.cpp(36,129): warning C4244: 'argument': conversion from 'T' to 'float', possible loss of data
          with
          [
              T=unsigned int
          ]
C:\SFML\SFML\main.cpp(37,126): warning C4244: 'argument': conversion from 'T' to 'float', possible loss of data
          with
          [
              T=unsigned int
          ]
  Generating Code...
  SFML.vcxproj -> C:\SFML\Debug\SFML_Graphics.exe
